<?xml version="1.0" encoding="UTF-8"?>
<testsuite xmlns:xsi="http://www.w3.org/2001/XMLSchema-instance" xsi:noNamespaceSchemaLocation="https://maven.apache.org/surefire/maven-surefire-plugin/xsd/surefire-test-report.xsd" name="ysoserial.test.payloads.PayloadsTest" time="46.197" tests="36" errors="5" skipped="13" failures="2">
  <properties>
[...]
</properties>
  <testcase name="testPayload[payloadClass: class ysoserial.payloads.Myfaces2]" classname="ysoserial.test.payloads.PayloadsTest" time="0.366"/>
  <testcase name="testPayload[payloadClass: class ysoserial.payloads.Jdk7u21variant]" classname="ysoserial.test.payloads.PayloadsTest" time="5.578">
    <failure message="test file should exist" type="java.lang.AssertionError">java.lang.AssertionError: test file should exist
	at org.junit.Assert.fail(Assert.java:88)
	at org.junit.Assert.assertTrue(Assert.java:41)
	at ysoserial.test.payloads.CommandExecTest.run(CommandExecTest.java:25)
	at ysoserial.test.payloads.PayloadsTest.testPayload(PayloadsTest.java:138)
	at ysoserial.test.payloads.PayloadsTest.testPayload(PayloadsTest.java:74)
	at sun.reflect.NativeMethodAccessorImpl.invoke0(Native Method)
	at sun.reflect.NativeMethodAccessorImpl.invoke(NativeMethodAccessorImpl.java:62)
	at sun.reflect.DelegatingMethodAccessorImpl.invoke(DelegatingMethodAccessorImpl.java:43)
	at java.lang.reflect.Method.invoke(Method.java:498)
	at org.junit.runners.model.FrameworkMethod$1.runReflectiveCall(FrameworkMethod.java:50)
	at org.junit.internal.runners.model.ReflectiveCallable.run(ReflectiveCallable.java:12)
	at org.junit.runners.model.FrameworkMethod.invokeExplosively(FrameworkMethod.java:47)
	at org.junit.internal.runners.statements.InvokeMethod.evaluate(InvokeMethod.java:17)
	at org.junit.runners.ParentRunner.runLeaf(ParentRunner.java:325)
	at org.junit.runners.BlockJUnit4ClassRunner.runChild(BlockJUnit4ClassRunner.java:78)
	at org.junit.runners.BlockJUnit4ClassRunner.runChild(BlockJUnit4ClassRunner.java:57)
	at org.junit.runners.ParentRunner$3.run(ParentRunner.java:290)
	at org.junit.runners.ParentRunner$1.schedule(ParentRunner.java:71)
	at org.junit.runners.ParentRunner.runChildren(ParentRunner.java:288)
	at org.junit.runners.ParentRunner.access$000(ParentRunner.java:58)
	at org.junit.runners.ParentRunner$2.evaluate(ParentRunner.java:268)
	at org.junit.runners.ParentRunner.run(ParentRunner.java:363)
	at org.junit.runners.Suite.runChild(Suite.java:128)
	at org.junit.runners.Suite.runChild(Suite.java:27)
	at org.junit.runners.ParentRunner$3.run(ParentRunner.java:290)
	at org.junit.runners.ParentRunner$1.schedule(ParentRunner.java:71)
	at org.junit.runners.ParentRunner.runChildren(ParentRunner.java:288)
	at org.junit.runners.ParentRunner.access$000(ParentRunner.java:58)
	at org.junit.runners.ParentRunner$2.evaluate(ParentRunner.java:268)
	at org.junit.runners.ParentRunner.run(ParentRunner.java:363)
	at org.apache.maven.surefire.junit4.JUnit4Provider.execute(JUnit4Provider.java:365)
	at org.apache.maven.surefire.junit4.JUnit4Provider.executeWithRerun(JUnit4Provider.java:273)
	at org.apache.maven.surefire.junit4.JUnit4Provider.executeTestSet(JUnit4Provider.java:238)
	at org.apache.maven.surefire.junit4.JUnit4Provider.invoke(JUnit4Provider.java:159)
	at org.apache.maven.surefire.booter.ForkedBooter.invokeProviderInSameClassLoader(ForkedBooter.java:384)
	at org.apache.maven.surefire.booter.ForkedBooter.runSuitesInProcess(ForkedBooter.java:345)
	at org.apache.maven.surefire.booter.ForkedBooter.execute(ForkedBooter.java:126)
	at org.apache.maven.surefire.booter.ForkedBooter.main(ForkedBooter.java:418)
</failure>
    <system-out><![CDATA[Testing payload: ysoserial.payloads.Jdk7u21variant
]]></system-out>
    <system-err><![CDATA[java.io.InvalidObjectException: Non-annotation type in annotation serial stream
	at sun.reflect.annotation.AnnotationInvocationHandler.readObject(AnnotationInvocationHandler.java:443)
	at sun.reflect.NativeMethodAccessorImpl.invoke0(Native Method)
	at sun.reflect.NativeMethodAccessorImpl.invoke(NativeMethodAccessorImpl.java:62)
	at sun.reflect.DelegatingMethodAccessorImpl.invoke(DelegatingMethodAccessorImpl.java:43)
	at java.lang.reflect.Method.invoke(Method.java:498)
	at java.io.ObjectStreamClass.invokeReadObject(ObjectStreamClass.java:1170)
	at java.io.ObjectInputStream.readSerialData(ObjectInputStream.java:2178)
	at java.io.ObjectInputStream.readOrdinaryObject(ObjectInputStream.java:2069)
	at java.io.ObjectInputStream.readObject0(ObjectInputStream.java:1573)
	at java.io.ObjectInputStream.defaultReadFields(ObjectInputStream.java:2287)
	at java.io.ObjectInputStream.readSerialData(ObjectInputStream.java:2211)
	at java.io.ObjectInputStream.readOrdinaryObject(ObjectInputStream.java:2069)
	at java.io.ObjectInputStream.readObject0(ObjectInputStream.java:1573)
	at java.io.ObjectInputStream.readObject(ObjectInputStream.java:431)
	at java.util.HashSet.readObject(HashSet.java:341)
	at sun.reflect.NativeMethodAccessorImpl.invoke0(Native Method)
	at sun.reflect.NativeMethodAccessorImpl.invoke(NativeMethodAccessorImpl.java:62)
	at sun.reflect.DelegatingMethodAccessorImpl.invoke(DelegatingMethodAccessorImpl.java:43)
	at java.lang.reflect.Method.invoke(Method.java:498)
	at java.io.ObjectStreamClass.invokeReadObject(ObjectStreamClass.java:1170)
	at java.io.ObjectInputStream.readSerialData(ObjectInputStream.java:2178)
	at java.io.ObjectInputStream.readOrdinaryObject(ObjectInputStream.java:2069)
	at java.io.ObjectInputStream.readObject0(ObjectInputStream.java:1573)
	at java.io.ObjectInputStream.readObject(ObjectInputStream.java:431)
	at ysoserial.Deserializer.deserialize(Deserializer.java:27)
	at ysoserial.Deserializer.deserialize(Deserializer.java:22)
	at ysoserial.Deserializer.call(Deserializer.java:17)
	at ysoserial.test.payloads.PayloadsTest.deserializeWithDependencies(PayloadsTest.java:248)
	at ysoserial.test.payloads.PayloadsTest$2.call(PayloadsTest.java:171)
	at ysoserial.test.payloads.CommandExecTest.run(CommandExecTest.java:20)
	at ysoserial.test.payloads.PayloadsTest.testPayload(PayloadsTest.java:138)
	at ysoserial.test.payloads.PayloadsTest.testPayload(PayloadsTest.java:74)
	at sun.reflect.NativeMethodAccessorImpl.invoke0(Native Method)
	at sun.reflect.NativeMethodAccessorImpl.invoke(NativeMethodAccessorImpl.java:62)
	at sun.reflect.DelegatingMethodAccessorImpl.invoke(DelegatingMethodAccessorImpl.java:43)
	at java.lang.reflect.Method.invoke(Method.java:498)
	at org.junit.runners.model.FrameworkMethod$1.runReflectiveCall(FrameworkMethod.java:50)
	at org.junit.internal.runners.model.ReflectiveCallable.run(ReflectiveCallable.java:12)
	at org.junit.runners.model.FrameworkMethod.invokeExplosively(FrameworkMethod.java:47)
	at org.junit.internal.runners.statements.InvokeMethod.evaluate(InvokeMethod.java:17)
	at org.junit.runners.ParentRunner.runLeaf(ParentRunner.java:325)
	at org.junit.runners.BlockJUnit4ClassRunner.runChild(BlockJUnit4ClassRunner.java:78)
	at org.junit.runners.BlockJUnit4ClassRunner.runChild(BlockJUnit4ClassRunner.java:57)
	at org.junit.runners.ParentRunner$3.run(ParentRunner.java:290)
	at org.junit.runners.ParentRunner$1.schedule(ParentRunner.java:71)
	at org.junit.runners.ParentRunner.runChildren(ParentRunner.java:288)
	at org.junit.runners.ParentRunner.access$000(ParentRunner.java:58)
	at org.junit.runners.ParentRunner$2.evaluate(ParentRunner.java:268)
	at org.junit.runners.ParentRunner.run(ParentRunner.java:363)
	at org.junit.runners.Suite.runChild(Suite.java:128)
	at org.junit.runners.Suite.runChild(Suite.java:27)
	at org.junit.runners.ParentRunner$3.run(ParentRunner.java:290)
	at org.junit.runners.ParentRunner$1.schedule(ParentRunner.java:71)
	at org.junit.runners.ParentRunner.runChildren(ParentRunner.java:288)
	at org.junit.runners.ParentRunner.access$000(ParentRunner.java:58)
	at org.junit.runners.ParentRunner$2.evaluate(ParentRunner.java:268)
	at org.junit.runners.ParentRunner.run(ParentRunner.java:363)
	at org.apache.maven.surefire.junit4.JUnit4Provider.execute(JUnit4Provider.java:365)
	at org.apache.maven.surefire.junit4.JUnit4Provider.executeWithRerun(JUnit4Provider.java:273)
	at org.apache.maven.surefire.junit4.JUnit4Provider.executeTestSet(JUnit4Provider.java:238)
	at org.apache.maven.surefire.junit4.JUnit4Provider.invoke(JUnit4Provider.java:159)
	at org.apache.maven.surefire.booter.ForkedBooter.invokeProviderInSameClassLoader(ForkedBooter.java:384)
	at org.apache.maven.surefire.booter.ForkedBooter.runSuitesInProcess(ForkedBooter.java:345)
	at org.apache.maven.surefire.booter.ForkedBooter.execute(ForkedBooter.java:126)
	at org.apache.maven.surefire.booter.ForkedBooter.main(ForkedBooter.java:418)
]]></system-err>
  </testcase>
  <testcase name="testPayload[payloadClass: class ysoserial.payloads.BeanShell1]" classname="ysoserial.test.payloads.PayloadsTest" time="2.113"/>
  <testcase name="testPayload[payloadClass: class ysoserial.payloads.Spring1]" classname="ysoserial.test.payloads.PayloadsTest" time="0">
    <skipped message="Precondition: isApplicableJavaVersion"/>
    <system-out><![CDATA[Testing payload: ysoserial.payloads.Spring1
]]></system-out>
  </testcase>
  <testcase name="testPayload[payloadClass: class ysoserial.payloads.CommonsCollections6]" classname="ysoserial.test.payloads.PayloadsTest" time="1.862"/>
  <testcase name="testPayload[payloadClass: class ysoserial.payloads.AspectJWeaver]" classname="ysoserial.test.payloads.PayloadsTest" time="0">
    <skipped message="non RCE"/>
    <system-out><![CDATA[Testing payload: ysoserial.payloads.AspectJWeaver
]]></system-out>
  </testcase>
  <testcase name="testPayload[payloadClass: class ysoserial.payloads.C3P0]" classname="ysoserial.test.payloads.PayloadsTest" time="0.064"/>
  <testcase name="testPayload[payloadClass: class ysoserial.payloads.Wicket1]" classname="ysoserial.test.payloads.PayloadsTest" time="5.737"/>
  <testcase name="testPayload[payloadClass: class ysoserial.payloads.ROME]" classname="ysoserial.test.payloads.PayloadsTest" time="2.478"/>
  <testcase name="testPayload[payloadClass: class ysoserial.payloads.JSON1]" classname="ysoserial.test.payloads.PayloadsTest" time="3.227"/>
  <testcase name="testPayload[payloadClass: class ysoserial.payloads.MozillaRhino1]" classname="ysoserial.test.payloads.PayloadsTest" time="0">
    <skipped message="Precondition: isApplicableJavaVersion"/>
    <system-out><![CDATA[Testing payload: ysoserial.payloads.MozillaRhino1
]]></system-out>
  </testcase>
  <testcase name="testPayload[payloadClass: class ysoserial.payloads.JRMPListener]" classname="ysoserial.test.payloads.PayloadsTest" time="0">
    <skipped message="This test would make you potentially vulnerable"/>
    <system-out><![CDATA[Testing payload: ysoserial.payloads.JRMPListener
]]></system-out>
  </testcase>
  <testcase name="testPayload[payloadClass: class ysoserial.payloads.CommonsCollections1]" classname="ysoserial.test.payloads.PayloadsTest" time="0">
    <skipped message="Precondition: isApplicableJavaVersion"/>
    <system-out><![CDATA[Testing payload: ysoserial.payloads.CommonsCollections1
]]></system-out>
  </testcase>
  <testcase name="testPayload[payloadClass: class ysoserial.payloads.CommonsCollections2]" classname="ysoserial.test.payloads.PayloadsTest" time="1.934"/>
  <testcase name="testPayload[payloadClass: class ysoserial.payloads.MozillaRhino2]" classname="ysoserial.test.payloads.PayloadsTest" time="1.994"/>
  <testcase name="testPayload[payloadClass: class ysoserial.payloads.Vaadin1]" classname="ysoserial.test.payloads.PayloadsTest" time="0">
    <skipped message="Precondition: isApplicableJavaVersion"/>
    <system-out><![CDATA[Testing payload: ysoserial.payloads.Vaadin1
]]></system-out>
  </testcase>
  <testcase name="testPayload[payloadClass: class ysoserial.payloads.CommonsCollections4]" classname="ysoserial.test.payloads.PayloadsTest" time="1.78"/>
  <testcase name="testPayload[payloadClass: class ysoserial.payloads.JavassistWeld1]" classname="ysoserial.test.payloads.PayloadsTest" time="0.506">
    <error message="javassist/util/proxy/MethodHandler" type="java.lang.NoClassDefFoundError">java.lang.NoClassDefFoundError: javassist/util/proxy/MethodHandler
	at java.lang.ClassLoader.defineClass1(Native Method)
	at java.lang.ClassLoader.defineClass(ClassLoader.java:763)
	at java.security.SecureClassLoader.defineClass(SecureClassLoader.java:142)
	at java.net.URLClassLoader.defineClass(URLClassLoader.java:467)
	at java.net.URLClassLoader.access$100(URLClassLoader.java:73)
	at java.net.URLClassLoader$1.run(URLClassLoader.java:368)
	at java.net.URLClassLoader$1.run(URLClassLoader.java:362)
	at java.security.AccessController.doPrivileged(Native Method)
	at java.net.URLClassLoader.findClass(URLClassLoader.java:361)
	at java.lang.ClassLoader.loadClass(ClassLoader.java:424)
	at java.lang.ClassLoader.loadClass(ClassLoader.java:357)
	at java.lang.Class.forName0(Native Method)
	at java.lang.Class.forName(Class.java:348)
	at java.io.ObjectInputStream.resolveClass(ObjectInputStream.java:686)
	at java.io.ObjectInputStream.readNonProxyDesc(ObjectInputStream.java:1868)
	at java.io.ObjectInputStream.readClassDesc(ObjectInputStream.java:1751)
	at java.io.ObjectInputStream.readOrdinaryObject(ObjectInputStream.java:2042)
	at java.io.ObjectInputStream.readObject0(ObjectInputStream.java:1573)
	at java.io.ObjectInputStream.readObject(ObjectInputStream.java:431)
	at ysoserial.Deserializer.deserialize(Deserializer.java:27)
	at ysoserial.Deserializer.deserialize(Deserializer.java:22)
	at ysoserial.Deserializer.call(Deserializer.java:17)
	at ysoserial.test.payloads.PayloadsTest.deserializeWithDependencies(PayloadsTest.java:248)
	at ysoserial.test.payloads.PayloadsTest$2.call(PayloadsTest.java:171)
	at ysoserial.test.payloads.CommandExecTest.run(CommandExecTest.java:20)
	at ysoserial.test.payloads.PayloadsTest.testPayload(PayloadsTest.java:138)
	at ysoserial.test.payloads.PayloadsTest.testPayload(PayloadsTest.java:74)
	at sun.reflect.GeneratedMethodAccessor8.invoke(Unknown Source)
	at sun.reflect.DelegatingMethodAccessorImpl.invoke(DelegatingMethodAccessorImpl.java:43)
	at java.lang.reflect.Method.invoke(Method.java:498)
	at org.junit.runners.model.FrameworkMethod$1.runReflectiveCall(FrameworkMethod.java:50)
	at org.junit.internal.runners.model.ReflectiveCallable.run(ReflectiveCallable.java:12)
	at org.junit.runners.model.FrameworkMethod.invokeExplosively(FrameworkMethod.java:47)
	at org.junit.internal.runners.statements.InvokeMethod.evaluate(InvokeMethod.java:17)
	at org.junit.runners.ParentRunner.runLeaf(ParentRunner.java:325)
	at org.junit.runners.BlockJUnit4ClassRunner.runChild(BlockJUnit4ClassRunner.java:78)
	at org.junit.runners.BlockJUnit4ClassRunner.runChild(BlockJUnit4ClassRunner.java:57)
	at org.junit.runners.ParentRunner$3.run(ParentRunner.java:290)
	at org.junit.runners.ParentRunner$1.schedule(ParentRunner.java:71)
	at org.junit.runners.ParentRunner.runChildren(ParentRunner.java:288)
	at org.junit.runners.ParentRunner.access$000(ParentRunner.java:58)
	at org.junit.runners.ParentRunner$2.evaluate(ParentRunner.java:268)
	at org.junit.runners.ParentRunner.run(ParentRunner.java:363)
	at org.junit.runners.Suite.runChild(Suite.java:128)
	at org.junit.runners.Suite.runChild(Suite.java:27)
	at org.junit.runners.ParentRunner$3.run(ParentRunner.java:290)
	at org.junit.runners.ParentRunner$1.schedule(ParentRunner.java:71)
	at org.junit.runners.ParentRunner.runChildren(ParentRunner.java:288)
	at org.junit.runners.ParentRunner.access$000(ParentRunner.java:58)
	at org.junit.runners.ParentRunner$2.evaluate(ParentRunner.java:268)
	at org.junit.runners.ParentRunner.run(ParentRunner.java:363)
	at org.apache.maven.surefire.junit4.JUnit4Provider.execute(JUnit4Provider.java:365)
	at org.apache.maven.surefire.junit4.JUnit4Provider.executeWithRerun(JUnit4Provider.java:273)
	at org.apache.maven.surefire.junit4.JUnit4Provider.executeTestSet(JUnit4Provider.java:238)
	at org.apache.maven.surefire.junit4.JUnit4Provider.invoke(JUnit4Provider.java:159)
	at org.apache.maven.surefire.booter.ForkedBooter.invokeProviderInSameClassLoader(ForkedBooter.java:384)
	at org.apache.maven.surefire.booter.ForkedBooter.runSuitesInProcess(ForkedBooter.java:345)
	at org.apache.maven.surefire.booter.ForkedBooter.execute(ForkedBooter.java:126)
	at org.apache.maven.surefire.booter.ForkedBooter.main(ForkedBooter.java:418)
Caused by: java.lang.ClassNotFoundException: javassist.util.proxy.MethodHandler
	at java.net.URLClassLoader.findClass(URLClassLoader.java:381)
	at java.lang.ClassLoader.loadClass(ClassLoader.java:424)
	at java.lang.ClassLoader.loadClass(ClassLoader.java:357)
	... 59 more
</error>
    <system-out><![CDATA[Testing payload: ysoserial.payloads.JavassistWeld1
]]></system-out>
    <system-err><![CDATA[六月 16, 2021 11:00:47 下午 org.jboss.weld.interceptor.util.InterceptionTypeRegistry <clinit>
警告: Class 'javax.ejb.PostActivate' not found, interception based on it is not enabled
六月 16, 2021 11:00:47 下午 org.jboss.weld.interceptor.util.InterceptionTypeRegistry <clinit>
警告: Class 'javax.ejb.PrePassivate' not found, interception based on it is not enabled
六月 16, 2021 11:00:47 下午 org.jboss.shrinkwrap.resolver.impl.maven.logging.LogRepositoryListener artifactDescriptorInvalid
警告: Invalid artifact descriptor for javassist:javassist:jar:3.12.1.GA: 1 problem was encountered while building the effective model
[FATAL] Non-parseable POM C:\Users\Sangfor\.m2\repository\javassist\javassist\3.12.1.GA\javassist-3.12.1.GA.pom: end tag name </body> must match start tag name <hr> from line 5 (position: TEXT seen ...</center>\r\n</body>... @6:8)  @ line 6, column 8

]]></system-err>
  </testcase>
  <testcase name="testPayload[payloadClass: class ysoserial.payloads.JRMPClient]" classname="ysoserial.test.payloads.PayloadsTest" time="0.048"/>
  <testcase name="testPayload[payloadClass: class ysoserial.payloads.CommonsCollections2TomcatShell]" classname="ysoserial.test.payloads.PayloadsTest" time="5.09">
    <failure message="test file should exist" type="java.lang.AssertionError">java.lang.AssertionError: test file should exist
	at org.junit.Assert.fail(Assert.java:88)
	at org.junit.Assert.assertTrue(Assert.java:41)
	at ysoserial.test.payloads.CommandExecTest.run(CommandExecTest.java:25)
	at ysoserial.test.payloads.PayloadsTest.testPayload(PayloadsTest.java:138)
	at ysoserial.test.payloads.PayloadsTest.testPayload(PayloadsTest.java:74)
	at sun.reflect.GeneratedMethodAccessor8.invoke(Unknown Source)
	at sun.reflect.DelegatingMethodAccessorImpl.invoke(DelegatingMethodAccessorImpl.java:43)
	at java.lang.reflect.Method.invoke(Method.java:498)
	at org.junit.runners.model.FrameworkMethod$1.runReflectiveCall(FrameworkMethod.java:50)
	at org.junit.internal.runners.model.ReflectiveCallable.run(ReflectiveCallable.java:12)
	at org.junit.runners.model.FrameworkMethod.invokeExplosively(FrameworkMethod.java:47)
	at org.junit.internal.runners.statements.InvokeMethod.evaluate(InvokeMethod.java:17)
	at org.junit.runners.ParentRunner.runLeaf(ParentRunner.java:325)
	at org.junit.runners.BlockJUnit4ClassRunner.runChild(BlockJUnit4ClassRunner.java:78)
	at org.junit.runners.BlockJUnit4ClassRunner.runChild(BlockJUnit4ClassRunner.java:57)
	at org.junit.runners.ParentRunner$3.run(ParentRunner.java:290)
	at org.junit.runners.ParentRunner$1.schedule(ParentRunner.java:71)
	at org.junit.runners.ParentRunner.runChildren(ParentRunner.java:288)
	at org.junit.runners.ParentRunner.access$000(ParentRunner.java:58)
	at org.junit.runners.ParentRunner$2.evaluate(ParentRunner.java:268)
	at org.junit.runners.ParentRunner.run(ParentRunner.java:363)
	at org.junit.runners.Suite.runChild(Suite.java:128)
	at org.junit.runners.Suite.runChild(Suite.java:27)
	at org.junit.runners.ParentRunner$3.run(ParentRunner.java:290)
	at org.junit.runners.ParentRunner$1.schedule(ParentRunner.java:71)
	at org.junit.runners.ParentRunner.runChildren(ParentRunner.java:288)
	at org.junit.runners.ParentRunner.access$000(ParentRunner.java:58)
	at org.junit.runners.ParentRunner$2.evaluate(ParentRunner.java:268)
	at org.junit.runners.ParentRunner.run(ParentRunner.java:363)
	at org.apache.maven.surefire.junit4.JUnit4Provider.execute(JUnit4Provider.java:365)
	at org.apache.maven.surefire.junit4.JUnit4Provider.executeWithRerun(JUnit4Provider.java:273)
	at org.apache.maven.surefire.junit4.JUnit4Provider.executeTestSet(JUnit4Provider.java:238)
	at org.apache.maven.surefire.junit4.JUnit4Provider.invoke(JUnit4Provider.java:159)
	at org.apache.maven.surefire.booter.ForkedBooter.invokeProviderInSameClassLoader(ForkedBooter.java:384)
	at org.apache.maven.surefire.booter.ForkedBooter.runSuitesInProcess(ForkedBooter.java:345)
	at org.apache.maven.surefire.booter.ForkedBooter.execute(ForkedBooter.java:126)
	at org.apache.maven.surefire.booter.ForkedBooter.main(ForkedBooter.java:418)
</failure>
    <system-out><![CDATA[Testing payload: ysoserial.payloads.CommonsCollections2TomcatShell
]]></system-out>
    <system-err><![CDATA[org.apache.commons.collections4.FunctorException: InvokerTransformer: The method 'newTransformer' on 'class com.sun.org.apache.xalan.internal.xsltc.trax.TemplatesImpl' threw an exception
	at org.apache.commons.collections4.functors.InvokerTransformer.transform(InvokerTransformer.java:137)
	at org.apache.commons.collections4.comparators.TransformingComparator.compare(TransformingComparator.java:81)
	at java.util.PriorityQueue.siftDownUsingComparator(PriorityQueue.java:722)
	at java.util.PriorityQueue.siftDown(PriorityQueue.java:688)
	at java.util.PriorityQueue.heapify(PriorityQueue.java:737)
	at java.util.PriorityQueue.readObject(PriorityQueue.java:797)
	at sun.reflect.NativeMethodAccessorImpl.invoke0(Native Method)
	at sun.reflect.NativeMethodAccessorImpl.invoke(NativeMethodAccessorImpl.java:62)
	at sun.reflect.DelegatingMethodAccessorImpl.invoke(DelegatingMethodAccessorImpl.java:43)
	at java.lang.reflect.Method.invoke(Method.java:498)
	at java.io.ObjectStreamClass.invokeReadObject(ObjectStreamClass.java:1170)
	at java.io.ObjectInputStream.readSerialData(ObjectInputStream.java:2178)
	at java.io.ObjectInputStream.readOrdinaryObject(ObjectInputStream.java:2069)
	at java.io.ObjectInputStream.readObject0(ObjectInputStream.java:1573)
	at java.io.ObjectInputStream.readObject(ObjectInputStream.java:431)
	at ysoserial.Deserializer.deserialize(Deserializer.java:27)
	at ysoserial.Deserializer.deserialize(Deserializer.java:22)
	at ysoserial.Deserializer.call(Deserializer.java:17)
	at ysoserial.test.payloads.PayloadsTest.deserializeWithDependencies(PayloadsTest.java:248)
	at ysoserial.test.payloads.PayloadsTest$2.call(PayloadsTest.java:171)
	at ysoserial.test.payloads.CommandExecTest.run(CommandExecTest.java:20)
	at ysoserial.test.payloads.PayloadsTest.testPayload(PayloadsTest.java:138)
	at ysoserial.test.payloads.PayloadsTest.testPayload(PayloadsTest.java:74)
	at sun.reflect.GeneratedMethodAccessor8.invoke(Unknown Source)
	at sun.reflect.DelegatingMethodAccessorImpl.invoke(DelegatingMethodAccessorImpl.java:43)
	at java.lang.reflect.Method.invoke(Method.java:498)
	at org.junit.runners.model.FrameworkMethod$1.runReflectiveCall(FrameworkMethod.java:50)
	at org.junit.internal.runners.model.ReflectiveCallable.run(ReflectiveCallable.java:12)
	at org.junit.runners.model.FrameworkMethod.invokeExplosively(FrameworkMethod.java:47)
	at org.junit.internal.runners.statements.InvokeMethod.evaluate(InvokeMethod.java:17)
	at org.junit.runners.ParentRunner.runLeaf(ParentRunner.java:325)
	at org.junit.runners.BlockJUnit4ClassRunner.runChild(BlockJUnit4ClassRunner.java:78)
	at org.junit.runners.BlockJUnit4ClassRunner.runChild(BlockJUnit4ClassRunner.java:57)
	at org.junit.runners.ParentRunner$3.run(ParentRunner.java:290)
	at org.junit.runners.ParentRunner$1.schedule(ParentRunner.java:71)
	at org.junit.runners.ParentRunner.runChildren(ParentRunner.java:288)
	at org.junit.runners.ParentRunner.access$000(ParentRunner.java:58)
	at org.junit.runners.ParentRunner$2.evaluate(ParentRunner.java:268)
	at org.junit.runners.ParentRunner.run(ParentRunner.java:363)
	at org.junit.runners.Suite.runChild(Suite.java:128)
	at org.junit.runners.Suite.runChild(Suite.java:27)
	at org.junit.runners.ParentRunner$3.run(ParentRunner.java:290)
	at org.junit.runners.ParentRunner$1.schedule(ParentRunner.java:71)
	at org.junit.runners.ParentRunner.runChildren(ParentRunner.java:288)
	at org.junit.runners.ParentRunner.access$000(ParentRunner.java:58)
	at org.junit.runners.ParentRunner$2.evaluate(ParentRunner.java:268)
	at org.junit.runners.ParentRunner.run(ParentRunner.java:363)
	at org.apache.maven.surefire.junit4.JUnit4Provider.execute(JUnit4Provider.java:365)
	at org.apache.maven.surefire.junit4.JUnit4Provider.executeWithRerun(JUnit4Provider.java:273)
	at org.apache.maven.surefire.junit4.JUnit4Provider.executeTestSet(JUnit4Provider.java:238)
	at org.apache.maven.surefire.junit4.JUnit4Provider.invoke(JUnit4Provider.java:159)
	at org.apache.maven.surefire.booter.ForkedBooter.invokeProviderInSameClassLoader(ForkedBooter.java:384)
	at org.apache.maven.surefire.booter.ForkedBooter.runSuitesInProcess(ForkedBooter.java:345)
	at org.apache.maven.surefire.booter.ForkedBooter.execute(ForkedBooter.java:126)
	at org.apache.maven.surefire.booter.ForkedBooter.main(ForkedBooter.java:418)
Caused by: java.lang.reflect.InvocationTargetException
	at sun.reflect.NativeMethodAccessorImpl.invoke0(Native Method)
	at sun.reflect.NativeMethodAccessorImpl.invoke(NativeMethodAccessorImpl.java:62)
	at sun.reflect.DelegatingMethodAccessorImpl.invoke(DelegatingMethodAccessorImpl.java:43)
	at java.lang.reflect.Method.invoke(Method.java:498)
	at org.apache.commons.collections4.functors.InvokerTransformer.transform(InvokerTransformer.java:129)
	... 54 more
Caused by: java.lang.NoClassDefFoundError: javax/servlet/Filter
	at java.lang.Class.getDeclaredConstructors0(Native Method)
	at java.lang.Class.privateGetDeclaredConstructors(Class.java:2671)
	at java.lang.Class.getConstructor0(Class.java:3075)
	at java.lang.Class.newInstance(Class.java:412)
	at com.sun.org.apache.xalan.internal.xsltc.trax.TemplatesImpl.getTransletInstance(TemplatesImpl.java:455)
	at com.sun.org.apache.xalan.internal.xsltc.trax.TemplatesImpl.newTransformer(TemplatesImpl.java:486)
	... 59 more
Caused by: java.lang.ClassNotFoundException: javax.servlet.Filter
	at java.lang.ClassLoader.findClass(ClassLoader.java:530)
	at java.lang.ClassLoader.loadClass(ClassLoader.java:424)
	at java.lang.ClassLoader.loadClass(ClassLoader.java:357)
	at com.sun.org.apache.xalan.internal.xsltc.trax.TemplatesImpl$TransletClassLoader.loadClass(TemplatesImpl.java:176)
	... 65 more
]]></system-err>
  </testcase>
  <testcase name="testPayload[payloadClass: class ysoserial.payloads.CommonsCollections7]" classname="ysoserial.test.payloads.PayloadsTest" time="2.241"/>
  <testcase name="testPayload[payloadClass: class ysoserial.payloads.URLDNS]" classname="ysoserial.test.payloads.PayloadsTest" time="0">
    <skipped message="true"/>
    <system-out><![CDATA[Testing payload: ysoserial.payloads.URLDNS
]]></system-out>
  </testcase>
  <testcase name="testPayload[payloadClass: class ysoserial.payloads.Clojure]" classname="ysoserial.test.payloads.PayloadsTest" time="4.143"/>
  <testcase name="testPayload[payloadClass: class ysoserial.payloads.FileUpload1]" classname="ysoserial.test.payloads.PayloadsTest" time="0.205">
    <error message="org.apache.commons.fileupload.disk.DiskFileItem" type="java.lang.ClassNotFoundException">java.lang.ClassNotFoundException: org.apache.commons.fileupload.disk.DiskFileItem
	at java.net.URLClassLoader.findClass(URLClassLoader.java:381)
	at java.lang.ClassLoader.loadClass(ClassLoader.java:424)
	at java.lang.ClassLoader.loadClass(ClassLoader.java:357)
	at java.lang.Class.forName0(Native Method)
	at java.lang.Class.forName(Class.java:348)
	at java.io.ObjectInputStream.resolveClass(ObjectInputStream.java:686)
	at java.io.ObjectInputStream.readNonProxyDesc(ObjectInputStream.java:1868)
	at java.io.ObjectInputStream.readClassDesc(ObjectInputStream.java:1751)
	at java.io.ObjectInputStream.readOrdinaryObject(ObjectInputStream.java:2042)
	at java.io.ObjectInputStream.readObject0(ObjectInputStream.java:1573)
	at java.io.ObjectInputStream.readObject(ObjectInputStream.java:431)
	at ysoserial.Deserializer.deserialize(Deserializer.java:27)
	at ysoserial.Deserializer.deserialize(Deserializer.java:22)
	at ysoserial.Deserializer.call(Deserializer.java:17)
	at ysoserial.test.payloads.PayloadsTest.deserializeWithDependencies(PayloadsTest.java:248)
	at ysoserial.test.payloads.PayloadsTest$2.call(PayloadsTest.java:171)
	at ysoserial.test.payloads.FileUploadTest.run(FileUploadTest.java:47)
	at ysoserial.test.payloads.PayloadsTest.testPayload(PayloadsTest.java:138)
	at ysoserial.test.payloads.PayloadsTest.testPayload(PayloadsTest.java:74)
	at sun.reflect.GeneratedMethodAccessor8.invoke(Unknown Source)
	at sun.reflect.DelegatingMethodAccessorImpl.invoke(DelegatingMethodAccessorImpl.java:43)
	at java.lang.reflect.Method.invoke(Method.java:498)
	at org.junit.runners.model.FrameworkMethod$1.runReflectiveCall(FrameworkMethod.java:50)
	at org.junit.internal.runners.model.ReflectiveCallable.run(ReflectiveCallable.java:12)
	at org.junit.runners.model.FrameworkMethod.invokeExplosively(FrameworkMethod.java:47)
	at org.junit.internal.runners.statements.InvokeMethod.evaluate(InvokeMethod.java:17)
	at org.junit.runners.ParentRunner.runLeaf(ParentRunner.java:325)
	at org.junit.runners.BlockJUnit4ClassRunner.runChild(BlockJUnit4ClassRunner.java:78)
	at org.junit.runners.BlockJUnit4ClassRunner.runChild(BlockJUnit4ClassRunner.java:57)
	at org.junit.runners.ParentRunner$3.run(ParentRunner.java:290)
	at org.junit.runners.ParentRunner$1.schedule(ParentRunner.java:71)
	at org.junit.runners.ParentRunner.runChildren(ParentRunner.java:288)
	at org.junit.runners.ParentRunner.access$000(ParentRunner.java:58)
	at org.junit.runners.ParentRunner$2.evaluate(ParentRunner.java:268)
	at org.junit.runners.ParentRunner.run(ParentRunner.java:363)
	at org.junit.runners.Suite.runChild(Suite.java:128)
	at org.junit.runners.Suite.runChild(Suite.java:27)
	at org.junit.runners.ParentRunner$3.run(ParentRunner.java:290)
	at org.junit.runners.ParentRunner$1.schedule(ParentRunner.java:71)
	at org.junit.runners.ParentRunner.runChildren(ParentRunner.java:288)
	at org.junit.runners.ParentRunner.access$000(ParentRunner.java:58)
	at org.junit.runners.ParentRunner$2.evaluate(ParentRunner.java:268)
	at org.junit.runners.ParentRunner.run(ParentRunner.java:363)
	at org.apache.maven.surefire.junit4.JUnit4Provider.execute(JUnit4Provider.java:365)
	at org.apache.maven.surefire.junit4.JUnit4Provider.executeWithRerun(JUnit4Provider.java:273)
	at org.apache.maven.surefire.junit4.JUnit4Provider.executeTestSet(JUnit4Provider.java:238)
	at org.apache.maven.surefire.junit4.JUnit4Provider.invoke(JUnit4Provider.java:159)
	at org.apache.maven.surefire.booter.ForkedBooter.invokeProviderInSameClassLoader(ForkedBooter.java:384)
	at org.apache.maven.surefire.booter.ForkedBooter.runSuitesInProcess(ForkedBooter.java:345)
	at org.apache.maven.surefire.booter.ForkedBooter.execute(ForkedBooter.java:126)
	at org.apache.maven.surefire.booter.ForkedBooter.main(ForkedBooter.java:418)
</error>
    <system-out><![CDATA[Testing payload: ysoserial.payloads.FileUpload1
]]></system-out>
    <system-err><![CDATA[六月 16, 2021 11:00:59 下午 org.jboss.shrinkwrap.resolver.impl.maven.logging.LogRepositoryListener artifactDescriptorInvalid
警告: Invalid artifact descriptor for commons-fileupload:commons-fileupload:jar:1.3.1: 1 problem was encountered while building the effective model
[FATAL] Non-parseable POM C:\Users\Sangfor\.m2\repository\commons-fileupload\commons-fileupload\1.3.1\commons-fileupload-1.3.1.pom: end tag name </body> must match start tag name <hr> from line 5 (position: TEXT seen ...</center>\r\n</body>... @6:8)  @ line 6, column 8

六月 16, 2021 11:00:59 下午 org.jboss.shrinkwrap.resolver.impl.maven.logging.LogRepositoryListener artifactDescriptorInvalid
警告: Invalid artifact descriptor for commons-fileupload:commons-fileupload:jar:1.3.1: 1 problem was encountered while building the effective model
[FATAL] Non-parseable POM C:\Users\Sangfor\.m2\repository\commons-fileupload\commons-fileupload\1.3.1\commons-fileupload-1.3.1.pom: end tag name </body> must match start tag name <hr> from line 5 (position: TEXT seen ...</center>\r\n</body>... @6:8)  @ line 6, column 8

六月 16, 2021 11:00:59 下午 org.jboss.shrinkwrap.resolver.impl.maven.logging.LogRepositoryListener artifactDescriptorInvalid
警告: Invalid artifact descriptor for commons-fileupload:commons-fileupload:jar:1.3.1: 1 problem was encountered while building the effective model
[FATAL] Non-parseable POM C:\Users\Sangfor\.m2\repository\commons-fileupload\commons-fileupload\1.3.1\commons-fileupload-1.3.1.pom: end tag name </body> must match start tag name <hr> from line 5 (position: TEXT seen ...</center>\r\n</body>... @6:8)  @ line 6, column 8

六月 16, 2021 11:00:59 下午 org.jboss.shrinkwrap.resolver.impl.maven.logging.LogRepositoryListener artifactDescriptorInvalid
警告: Invalid artifact descriptor for commons-fileupload:commons-fileupload:jar:1.3.1: 1 problem was encountered while building the effective model
[FATAL] Non-parseable POM C:\Users\Sangfor\.m2\repository\commons-fileupload\commons-fileupload\1.3.1\commons-fileupload-1.3.1.pom: end tag name </body> must match start tag name <hr> from line 5 (position: TEXT seen ...</center>\r\n</body>... @6:8)  @ line 6, column 8

六月 16, 2021 11:00:59 下午 org.jboss.shrinkwrap.resolver.impl.maven.logging.LogRepositoryListener artifactDescriptorInvalid
警告: Invalid artifact descriptor for commons-fileupload:commons-fileupload:jar:1.3.1: 1 problem was encountered while building the effective model
[FATAL] Non-parseable POM C:\Users\Sangfor\.m2\repository\commons-fileupload\commons-fileupload\1.3.1\commons-fileupload-1.3.1.pom: end tag name </body> must match start tag name <hr> from line 5 (position: TEXT seen ...</center>\r\n</body>... @6:8)  @ line 6, column 8

]]></system-err>
  </testcase>
  <testcase name="testPayload[payloadClass: class ysoserial.payloads.CommonsCollections3]" classname="ysoserial.test.payloads.PayloadsTest" time="0">
    <skipped message="Precondition: isApplicableJavaVersion"/>
    <system-out><![CDATA[Testing payload: ysoserial.payloads.CommonsCollections3
]]></system-out>
  </testcase>
  <testcase name="testPayload[payloadClass: class ysoserial.payloads.Myfaces1]" classname="ysoserial.test.payloads.PayloadsTest" time="0">
    <skipped message="Requires running MyFaces, no direct execution"/>
    <system-out><![CDATA[Testing payload: ysoserial.payloads.Myfaces1
]]></system-out>
  </testcase>
  <testcase name="testPayload[payloadClass: class ysoserial.payloads.Spring2]" classname="ysoserial.test.payloads.PayloadsTest" time="0">
    <skipped message="Precondition: isApplicableJavaVersion"/>
    <system-out><![CDATA[Testing payload: ysoserial.payloads.Spring2
]]></system-out>
  </testcase>
  <testcase name="testPayload[payloadClass: class ysoserial.payloads.CommonsCollections5]" classname="ysoserial.test.payloads.PayloadsTest" time="0">
    <skipped message="Precondition: isApplicableJavaVersion"/>
    <system-out><![CDATA[Testing payload: ysoserial.payloads.CommonsCollections5
]]></system-out>
  </testcase>
  <testcase name="testPayload[payloadClass: class ysoserial.payloads.Hibernate1]" classname="ysoserial.test.payloads.PayloadsTest" time="0.197">
    <error message="javax/transaction/SystemException" type="java.lang.NoClassDefFoundError"><![CDATA[java.lang.NoClassDefFoundError: javax/transaction/SystemException
	at java.lang.Class.forName0(Native Method)
	at java.lang.Class.forName(Class.java:348)
	at org.jboss.logging.Logger$1.run(Logger.java:2554)
	at java.security.AccessController.doPrivileged(Native Method)
	at org.jboss.logging.Logger.getMessageLogger(Logger.java:2529)
	at org.jboss.logging.Logger.getMessageLogger(Logger.java:2516)
	at org.hibernate.internal.CoreLogging.messageLogger(CoreLogging.java:45)
	at org.hibernate.internal.CoreLogging.messageLogger(CoreLogging.java:41)
	at org.hibernate.property.BasicPropertyAccessor.<clinit>(BasicPropertyAccessor.java:51)
	at org.hibernate.property.BasicPropertyAccessor$BasicGetter.readResolve(BasicPropertyAccessor.java:233)
	at sun.reflect.NativeMethodAccessorImpl.invoke0(Native Method)
	at sun.reflect.NativeMethodAccessorImpl.invoke(NativeMethodAccessorImpl.java:62)
	at sun.reflect.DelegatingMethodAccessorImpl.invoke(DelegatingMethodAccessorImpl.java:43)
	at java.lang.reflect.Method.invoke(Method.java:498)
	at java.io.ObjectStreamClass.invokeReadResolve(ObjectStreamClass.java:1260)
	at java.io.ObjectInputStream.readOrdinaryObject(ObjectInputStream.java:2078)
	at java.io.ObjectInputStream.readObject0(ObjectInputStream.java:1573)
	at java.io.ObjectInputStream.readArray(ObjectInputStream.java:1975)
	at java.io.ObjectInputStream.readObject0(ObjectInputStream.java:1567)
	at java.io.ObjectInputStream.defaultReadFields(ObjectInputStream.java:2287)
	at java.io.ObjectInputStream.readSerialData(ObjectInputStream.java:2211)
	at java.io.ObjectInputStream.readOrdinaryObject(ObjectInputStream.java:2069)
	at java.io.ObjectInputStream.readObject0(ObjectInputStream.java:1573)
	at java.io.ObjectInputStream.defaultReadFields(ObjectInputStream.java:2287)
	at java.io.ObjectInputStream.readSerialData(ObjectInputStream.java:2211)
	at java.io.ObjectInputStream.readOrdinaryObject(ObjectInputStream.java:2069)
	at java.io.ObjectInputStream.readObject0(ObjectInputStream.java:1573)
	at java.io.ObjectInputStream.defaultReadFields(ObjectInputStream.java:2287)
	at java.io.ObjectInputStream.defaultReadObject(ObjectInputStream.java:561)
	at org.hibernate.engine.spi.TypedValue.readObject(TypedValue.java:90)
	at sun.reflect.NativeMethodAccessorImpl.invoke0(Native Method)
	at sun.reflect.NativeMethodAccessorImpl.invoke(NativeMethodAccessorImpl.java:62)
	at sun.reflect.DelegatingMethodAccessorImpl.invoke(DelegatingMethodAccessorImpl.java:43)
	at java.lang.reflect.Method.invoke(Method.java:498)
	at java.io.ObjectStreamClass.invokeReadObject(ObjectStreamClass.java:1170)
	at java.io.ObjectInputStream.readSerialData(ObjectInputStream.java:2178)
	at java.io.ObjectInputStream.readOrdinaryObject(ObjectInputStream.java:2069)
	at java.io.ObjectInputStream.readObject0(ObjectInputStream.java:1573)
	at java.io.ObjectInputStream.readObject(ObjectInputStream.java:431)
	at java.util.HashMap.readObject(HashMap.java:1407)
	at sun.reflect.NativeMethodAccessorImpl.invoke0(Native Method)
	at sun.reflect.NativeMethodAccessorImpl.invoke(NativeMethodAccessorImpl.java:62)
	at sun.reflect.DelegatingMethodAccessorImpl.invoke(DelegatingMethodAccessorImpl.java:43)
	at java.lang.reflect.Method.invoke(Method.java:498)
	at java.io.ObjectStreamClass.invokeReadObject(ObjectStreamClass.java:1170)
	at java.io.ObjectInputStream.readSerialData(ObjectInputStream.java:2178)
	at java.io.ObjectInputStream.readOrdinaryObject(ObjectInputStream.java:2069)
	at java.io.ObjectInputStream.readObject0(ObjectInputStream.java:1573)
	at java.io.ObjectInputStream.readObject(ObjectInputStream.java:431)
	at ysoserial.Deserializer.deserialize(Deserializer.java:27)
	at ysoserial.Deserializer.deserialize(Deserializer.java:22)
	at ysoserial.Deserializer.call(Deserializer.java:17)
	at ysoserial.test.payloads.PayloadsTest.deserializeWithDependencies(PayloadsTest.java:248)
	at ysoserial.test.payloads.PayloadsTest$2.call(PayloadsTest.java:171)
	at ysoserial.test.payloads.CommandExecTest.run(CommandExecTest.java:20)
	at ysoserial.test.payloads.PayloadsTest.testPayload(PayloadsTest.java:138)
	at ysoserial.test.payloads.PayloadsTest.testPayload(PayloadsTest.java:74)
	at sun.reflect.GeneratedMethodAccessor8.invoke(Unknown Source)
	at sun.reflect.DelegatingMethodAccessorImpl.invoke(DelegatingMethodAccessorImpl.java:43)
	at java.lang.reflect.Method.invoke(Method.java:498)
	at org.junit.runners.model.FrameworkMethod$1.runReflectiveCall(FrameworkMethod.java:50)
	at org.junit.internal.runners.model.ReflectiveCallable.run(ReflectiveCallable.java:12)
	at org.junit.runners.model.FrameworkMethod.invokeExplosively(FrameworkMethod.java:47)
	at org.junit.internal.runners.statements.InvokeMethod.evaluate(InvokeMethod.java:17)
	at org.junit.runners.ParentRunner.runLeaf(ParentRunner.java:325)
	at org.junit.runners.BlockJUnit4ClassRunner.runChild(BlockJUnit4ClassRunner.java:78)
	at org.junit.runners.BlockJUnit4ClassRunner.runChild(BlockJUnit4ClassRunner.java:57)
	at org.junit.runners.ParentRunner$3.run(ParentRunner.java:290)
	at org.junit.runners.ParentRunner$1.schedule(ParentRunner.java:71)
	at org.junit.runners.ParentRunner.runChildren(ParentRunner.java:288)
	at org.junit.runners.ParentRunner.access$000(ParentRunner.java:58)
	at org.junit.runners.ParentRunner$2.evaluate(ParentRunner.java:268)
	at org.junit.runners.ParentRunner.run(ParentRunner.java:363)
	at org.junit.runners.Suite.runChild(Suite.java:128)
	at org.junit.runners.Suite.runChild(Suite.java:27)
	at org.junit.runners.ParentRunner$3.run(ParentRunner.java:290)
	at org.junit.runners.ParentRunner$1.schedule(ParentRunner.java:71)
	at org.junit.runners.ParentRunner.runChildren(ParentRunner.java:288)
	at org.junit.runners.ParentRunner.access$000(ParentRunner.java:58)
	at org.junit.runners.ParentRunner$2.evaluate(ParentRunner.java:268)
	at org.junit.runners.ParentRunner.run(ParentRunner.java:363)
	at org.apache.maven.surefire.junit4.JUnit4Provider.execute(JUnit4Provider.java:365)
	at org.apache.maven.surefire.junit4.JUnit4Provider.executeWithRerun(JUnit4Provider.java:273)
	at org.apache.maven.surefire.junit4.JUnit4Provider.executeTestSet(JUnit4Provider.java:238)
	at org.apache.maven.surefire.junit4.JUnit4Provider.invoke(JUnit4Provider.java:159)
	at org.apache.maven.surefire.booter.ForkedBooter.invokeProviderInSameClassLoader(ForkedBooter.java:384)
	at org.apache.maven.surefire.booter.ForkedBooter.runSuitesInProcess(ForkedBooter.java:345)
	at org.apache.maven.surefire.booter.ForkedBooter.execute(ForkedBooter.java:126)
	at org.apache.maven.surefire.booter.ForkedBooter.main(ForkedBooter.java:418)
Caused by: java.lang.ClassNotFoundException: javax.transaction.SystemException
	at java.net.URLClassLoader.findClass(URLClassLoader.java:381)
	at java.lang.ClassLoader.loadClass(ClassLoader.java:424)
	at java.lang.ClassLoader.loadClass(ClassLoader.java:357)
	... 89 more
]]></error>
    <system-out><![CDATA[Testing payload: ysoserial.payloads.Hibernate1
]]></system-out>
    <system-err><![CDATA[六月 16, 2021 11:00:59 下午 org.jboss.shrinkwrap.resolver.impl.maven.logging.LogRepositoryListener artifactDescriptorInvalid
警告: Invalid artifact descriptor for javax.transaction:javax.transaction-api:jar:1.2: 1 problem was encountered while building the effective model
[FATAL] Non-parseable POM C:\Users\Sangfor\.m2\repository\javax\transaction\javax.transaction-api\1.2\javax.transaction-api-1.2.pom: end tag name </body> must match start tag name <hr> from line 5 (position: TEXT seen ...</center>\r\n</body>... @6:8)  @ line 6, column 8

]]></system-err>
  </testcase>
  <testcase name="testPayload[payloadClass: class ysoserial.payloads.Hibernate2]" classname="ysoserial.test.payloads.PayloadsTest" time="0.026">
    <error message="Address already in use: JVM_Bind" type="java.net.BindException"><![CDATA[java.net.BindException: Address already in use: JVM_Bind
	at java.net.DualStackPlainSocketImpl.bind0(Native Method)
	at java.net.DualStackPlainSocketImpl.socketBind(DualStackPlainSocketImpl.java:106)
	at java.net.AbstractPlainSocketImpl.bind(AbstractPlainSocketImpl.java:387)
	at java.net.PlainSocketImpl.bind(PlainSocketImpl.java:190)
	at java.net.ServerSocket.bind(ServerSocket.java:375)
	at java.net.ServerSocket.<init>(ServerSocket.java:237)
	at java.net.ServerSocket.<init>(ServerSocket.java:128)
	at javax.net.DefaultServerSocketFactory.createServerSocket(ServerSocketFactory.java:218)
	at ysoserial.exploit.JRMPListener.<init>(JRMPListener.java:62)
	at ysoserial.test.payloads.JRMPReverseConnectTest.run(JRMPReverseConnectTest.java:33)
	at ysoserial.test.payloads.PayloadsTest.testPayload(PayloadsTest.java:138)
	at ysoserial.test.payloads.PayloadsTest.testPayload(PayloadsTest.java:74)
	at sun.reflect.GeneratedMethodAccessor8.invoke(Unknown Source)
	at sun.reflect.DelegatingMethodAccessorImpl.invoke(DelegatingMethodAccessorImpl.java:43)
	at java.lang.reflect.Method.invoke(Method.java:498)
	at org.junit.runners.model.FrameworkMethod$1.runReflectiveCall(FrameworkMethod.java:50)
	at org.junit.internal.runners.model.ReflectiveCallable.run(ReflectiveCallable.java:12)
	at org.junit.runners.model.FrameworkMethod.invokeExplosively(FrameworkMethod.java:47)
	at org.junit.internal.runners.statements.InvokeMethod.evaluate(InvokeMethod.java:17)
	at org.junit.runners.ParentRunner.runLeaf(ParentRunner.java:325)
	at org.junit.runners.BlockJUnit4ClassRunner.runChild(BlockJUnit4ClassRunner.java:78)
	at org.junit.runners.BlockJUnit4ClassRunner.runChild(BlockJUnit4ClassRunner.java:57)
	at org.junit.runners.ParentRunner$3.run(ParentRunner.java:290)
	at org.junit.runners.ParentRunner$1.schedule(ParentRunner.java:71)
	at org.junit.runners.ParentRunner.runChildren(ParentRunner.java:288)
	at org.junit.runners.ParentRunner.access$000(ParentRunner.java:58)
	at org.junit.runners.ParentRunner$2.evaluate(ParentRunner.java:268)
	at org.junit.runners.ParentRunner.run(ParentRunner.java:363)
	at org.junit.runners.Suite.runChild(Suite.java:128)
	at org.junit.runners.Suite.runChild(Suite.java:27)
	at org.junit.runners.ParentRunner$3.run(ParentRunner.java:290)
	at org.junit.runners.ParentRunner$1.schedule(ParentRunner.java:71)
	at org.junit.runners.ParentRunner.runChildren(ParentRunner.java:288)
	at org.junit.runners.ParentRunner.access$000(ParentRunner.java:58)
	at org.junit.runners.ParentRunner$2.evaluate(ParentRunner.java:268)
	at org.junit.runners.ParentRunner.run(ParentRunner.java:363)
	at org.apache.maven.surefire.junit4.JUnit4Provider.execute(JUnit4Provider.java:365)
	at org.apache.maven.surefire.junit4.JUnit4Provider.executeWithRerun(JUnit4Provider.java:273)
	at org.apache.maven.surefire.junit4.JUnit4Provider.executeTestSet(JUnit4Provider.java:238)
	at org.apache.maven.surefire.junit4.JUnit4Provider.invoke(JUnit4Provider.java:159)
	at org.apache.maven.surefire.booter.ForkedBooter.invokeProviderInSameClassLoader(ForkedBooter.java:384)
	at org.apache.maven.surefire.booter.ForkedBooter.runSuitesInProcess(ForkedBooter.java:345)
	at org.apache.maven.surefire.booter.ForkedBooter.execute(ForkedBooter.java:126)
	at org.apache.maven.surefire.booter.ForkedBooter.main(ForkedBooter.java:418)
]]></error>
    <system-out><![CDATA[Testing payload: ysoserial.payloads.Hibernate2
]]></system-out>
  </testcase>
  <testcase name="testPayload[payloadClass: class ysoserial.payloads.JBossInterceptors1]" classname="ysoserial.test.payloads.PayloadsTest" time="0.123">
    <error message="javassist/util/proxy/MethodHandler" type="java.lang.NoClassDefFoundError">java.lang.NoClassDefFoundError: javassist/util/proxy/MethodHandler
	at java.lang.ClassLoader.defineClass1(Native Method)
	at java.lang.ClassLoader.defineClass(ClassLoader.java:763)
	at java.security.SecureClassLoader.defineClass(SecureClassLoader.java:142)
	at java.net.URLClassLoader.defineClass(URLClassLoader.java:467)
	at java.net.URLClassLoader.access$100(URLClassLoader.java:73)
	at java.net.URLClassLoader$1.run(URLClassLoader.java:368)
	at java.net.URLClassLoader$1.run(URLClassLoader.java:362)
	at java.security.AccessController.doPrivileged(Native Method)
	at java.net.URLClassLoader.findClass(URLClassLoader.java:361)
	at java.lang.ClassLoader.loadClass(ClassLoader.java:424)
	at java.lang.ClassLoader.loadClass(ClassLoader.java:357)
	at java.lang.Class.forName0(Native Method)
	at java.lang.Class.forName(Class.java:348)
	at java.io.ObjectInputStream.resolveClass(ObjectInputStream.java:686)
	at java.io.ObjectInputStream.readNonProxyDesc(ObjectInputStream.java:1868)
	at java.io.ObjectInputStream.readClassDesc(ObjectInputStream.java:1751)
	at java.io.ObjectInputStream.readOrdinaryObject(ObjectInputStream.java:2042)
	at java.io.ObjectInputStream.readObject0(ObjectInputStream.java:1573)
	at java.io.ObjectInputStream.readObject(ObjectInputStream.java:431)
	at ysoserial.Deserializer.deserialize(Deserializer.java:27)
	at ysoserial.Deserializer.deserialize(Deserializer.java:22)
	at ysoserial.Deserializer.call(Deserializer.java:17)
	at ysoserial.test.payloads.PayloadsTest.deserializeWithDependencies(PayloadsTest.java:248)
	at ysoserial.test.payloads.PayloadsTest$2.call(PayloadsTest.java:171)
	at ysoserial.test.payloads.CommandExecTest.run(CommandExecTest.java:20)
	at ysoserial.test.payloads.PayloadsTest.testPayload(PayloadsTest.java:138)
	at ysoserial.test.payloads.PayloadsTest.testPayload(PayloadsTest.java:74)
	at sun.reflect.GeneratedMethodAccessor8.invoke(Unknown Source)
	at sun.reflect.DelegatingMethodAccessorImpl.invoke(DelegatingMethodAccessorImpl.java:43)
	at java.lang.reflect.Method.invoke(Method.java:498)
	at org.junit.runners.model.FrameworkMethod$1.runReflectiveCall(FrameworkMethod.java:50)
	at org.junit.internal.runners.model.ReflectiveCallable.run(ReflectiveCallable.java:12)
	at org.junit.runners.model.FrameworkMethod.invokeExplosively(FrameworkMethod.java:47)
	at org.junit.internal.runners.statements.InvokeMethod.evaluate(InvokeMethod.java:17)
	at org.junit.runners.ParentRunner.runLeaf(ParentRunner.java:325)
	at org.junit.runners.BlockJUnit4ClassRunner.runChild(BlockJUnit4ClassRunner.java:78)
	at org.junit.runners.BlockJUnit4ClassRunner.runChild(BlockJUnit4ClassRunner.java:57)
	at org.junit.runners.ParentRunner$3.run(ParentRunner.java:290)
	at org.junit.runners.ParentRunner$1.schedule(ParentRunner.java:71)
	at org.junit.runners.ParentRunner.runChildren(ParentRunner.java:288)
	at org.junit.runners.ParentRunner.access$000(ParentRunner.java:58)
	at org.junit.runners.ParentRunner$2.evaluate(ParentRunner.java:268)
	at org.junit.runners.ParentRunner.run(ParentRunner.java:363)
	at org.junit.runners.Suite.runChild(Suite.java:128)
	at org.junit.runners.Suite.runChild(Suite.java:27)
	at org.junit.runners.ParentRunner$3.run(ParentRunner.java:290)
	at org.junit.runners.ParentRunner$1.schedule(ParentRunner.java:71)
	at org.junit.runners.ParentRunner.runChildren(ParentRunner.java:288)
	at org.junit.runners.ParentRunner.access$000(ParentRunner.java:58)
	at org.junit.runners.ParentRunner$2.evaluate(ParentRunner.java:268)
	at org.junit.runners.ParentRunner.run(ParentRunner.java:363)
	at org.apache.maven.surefire.junit4.JUnit4Provider.execute(JUnit4Provider.java:365)
	at org.apache.maven.surefire.junit4.JUnit4Provider.executeWithRerun(JUnit4Provider.java:273)
	at org.apache.maven.surefire.junit4.JUnit4Provider.executeTestSet(JUnit4Provider.java:238)
	at org.apache.maven.surefire.junit4.JUnit4Provider.invoke(JUnit4Provider.java:159)
	at org.apache.maven.surefire.booter.ForkedBooter.invokeProviderInSameClassLoader(ForkedBooter.java:384)
	at org.apache.maven.surefire.booter.ForkedBooter.runSuitesInProcess(ForkedBooter.java:345)
	at org.apache.maven.surefire.booter.ForkedBooter.execute(ForkedBooter.java:126)
	at org.apache.maven.surefire.booter.ForkedBooter.main(ForkedBooter.java:418)
Caused by: java.lang.ClassNotFoundException: javassist.util.proxy.MethodHandler
	at java.net.URLClassLoader.findClass(URLClassLoader.java:381)
	at java.lang.ClassLoader.loadClass(ClassLoader.java:424)
	at java.lang.ClassLoader.loadClass(ClassLoader.java:357)
	... 59 more
</error>
    <system-out><![CDATA[Testing payload: ysoserial.payloads.JBossInterceptors1
]]></system-out>
    <system-err><![CDATA[六月 16, 2021 11:00:59 下午 org.jboss.interceptor.util.InterceptionTypeRegistry <clinit>
警告: Class 'javax.ejb.PostActivate' not found, interception based on it is not enabled
六月 16, 2021 11:00:59 下午 org.jboss.interceptor.util.InterceptionTypeRegistry <clinit>
警告: Class 'javax.ejb.PrePassivate' not found, interception based on it is not enabled
六月 16, 2021 11:00:59 下午 org.jboss.shrinkwrap.resolver.impl.maven.logging.LogRepositoryListener artifactDescriptorInvalid
警告: Invalid artifact descriptor for javassist:javassist:jar:3.12.1.GA: 1 problem was encountered while building the effective model
[FATAL] Non-parseable POM C:\Users\Sangfor\.m2\repository\javassist\javassist\3.12.1.GA\javassist-3.12.1.GA.pom: end tag name </body> must match start tag name <hr> from line 5 (position: TEXT seen ...</center>\r\n</body>... @6:8)  @ line 6, column 8

]]></system-err>
  </testcase>
  <testcase name="testPayload[payloadClass: class ysoserial.payloads.Jdk7u21]" classname="ysoserial.test.payloads.PayloadsTest" time="0">
    <skipped message="Precondition: isApplicableJavaVersion"/>
    <system-out><![CDATA[Testing payload: ysoserial.payloads.Jdk7u21
]]></system-out>
  </testcase>
  <testcase name="testPayload[payloadClass: class ysoserial.payloads.Click1]" classname="ysoserial.test.payloads.PayloadsTest" time="1.722"/>
  <testcase name="testPayload[payloadClass: class ysoserial.payloads.CommonsBeanutils1]" classname="ysoserial.test.payloads.PayloadsTest" time="1.849"/>
  <testcase name="testPayload[payloadClass: class ysoserial.payloads.Jython1]" classname="ysoserial.test.payloads.PayloadsTest" time="0">
    <skipped message="non RCE"/>
    <system-out><![CDATA[Testing payload: ysoserial.payloads.Jython1
]]></system-out>
  </testcase>
  <testcase name="testPayload[payloadClass: class ysoserial.payloads.Groovy1]" classname="ysoserial.test.payloads.PayloadsTest" time="2.567"/>
</testsuite>