<?xml version="1.0" encoding="UTF-8"?>
<testsuite xmlns:xsi="http://www.w3.org/2001/XMLSchema-instance" xsi:noNamespaceSchemaLocation="https://maven.apache.org/surefire/maven-surefire-plugin/xsd/surefire-test-report.xsd" name="ysoserial.test.payloads.TestHarnessTest" time="10.813" tests="3" errors="0" skipped="0" failures="0">
  <properties>
[...]
</properties>
  <testcase name="testHarnessClassLoaderFail" classname="ysoserial.test.payloads.TestHarnessTest" time="4.84"/>
  <testcase name="testHarnessExecFail" classname="ysoserial.test.payloads.TestHarnessTest" time="5.018"/>
  <testcase name="testHarnessExecPass" classname="ysoserial.test.payloads.TestHarnessTest" time="0.954"/>
</testsuite>